This file contains any messages produced by compilers while
running configure, to aid debugging if configure makes a mistake.

It was created by NuSMV configure 2.4.3, which was
generated by GNU Autoconf 2.59.  Invocation command line was

  $ ./configure 

## --------- ##
## Platform. ##
## --------- ##

hostname = danthinkpad
uname -m = i686
uname -r = 2.6.30-ARCH
uname -s = Linux
uname -v = #1 SMP PREEMPT Sat Jul 4 11:13:08 UTC 2009

/usr/bin/uname -p = unknown
/bin/uname -X     = unknown

/bin/arch              = i686
/usr/bin/arch -k       = unknown
/usr/convex/getsysinfo = unknown
hostinfo               = unknown
/bin/machine           = unknown
/usr/bin/oslevel       = unknown
/bin/universe          = unknown

PATH: /bin
PATH: /usr/bin
PATH: /sbin
PATH: /usr/sbin
PATH: /usr/share/java/apache-ant/bin
PATH: /opt/java/bin
PATH: /opt/java/jre/bin
PATH: /opt/kde/bin
PATH: /usr/bin/perlbin/site
PATH: /usr/bin/perlbin/vendor
PATH: /usr/bin/perlbin/core
PATH: /opt/qt/bin


## ----------- ##
## Core tests. ##
## ----------- ##

configure:1575: checking for a BSD-compatible install
configure:1630: result: /bin/install -c
configure:1641: checking whether build environment is sane
configure:1684: result: yes
configure:1749: checking for gawk
configure:1765: found /bin/gawk
configure:1775: result: gawk
configure:1785: checking whether make sets $(MAKE)
configure:1805: result: yes
configure:1980: checking build system type
configure:1998: result: i686-pc-linux-gnu
configure:2006: checking host system type
configure:2020: result: i686-pc-linux-gnu
configure:2129: checking for style of include used by make
configure:2157: result: GNU
configure:2228: checking for gcc
configure:2244: found /usr/bin/gcc
configure:2254: result: gcc
configure:2498: checking for C compiler version
configure:2501: gcc --version </dev/null >&5
gcc (GCC) 4.4.3
Copyright (C) 2010 Free Software Foundation, Inc.
This is free software; see the source for copying conditions.  There is NO
warranty; not even for MERCHANTABILITY or FITNESS FOR A PARTICULAR PURPOSE.

configure:2504: $? = 0
configure:2506: gcc -v </dev/null >&5
Using built-in specs.
Target: i686-pc-linux-gnu
Configured with: ../configure --prefix=/usr --enable-shared --enable-languages=c,c++,fortran,objc,obj-c++,ada --enable-threads=posix --mandir=/usr/share/man --infodir=/usr/share/info --enable-__cxa_atexit --disable-multilib --libdir=/usr/lib --libexecdir=/usr/lib --enable-clocale=gnu --disable-libstdcxx-pch --with-tune=generic
Thread model: posix
gcc version 4.4.3 (GCC) 
configure:2509: $? = 0
configure:2511: gcc -V </dev/null >&5
gcc: '-V' option must have argument
configure:2514: $? = 1
configure:2537: checking for C compiler default output file name
configure:2540: gcc    conftest.c  >&5
configure:2543: $? = 0
configure:2589: result: a.out
configure:2594: checking whether the C compiler works
configure:2600: ./a.out
configure:2603: $? = 0
configure:2620: result: yes
configure:2627: checking whether we are cross compiling
configure:2629: result: no
configure:2632: checking for suffix of executables
configure:2634: gcc -o conftest    conftest.c  >&5
configure:2637: $? = 0
configure:2662: result: 
configure:2668: checking for suffix of object files
configure:2689: gcc -c   conftest.c >&5
configure:2692: $? = 0
configure:2714: result: o
configure:2718: checking whether we are using the GNU C compiler
configure:2742: gcc -c   conftest.c >&5
configure:2748: $? = 0
configure:2752: test -z 
			 || test ! -s conftest.err
configure:2755: $? = 0
configure:2758: test -s conftest.o
configure:2761: $? = 0
configure:2774: result: yes
configure:2780: checking whether gcc accepts -g
configure:2801: gcc -c -g  conftest.c >&5
configure:2807: $? = 0
configure:2811: test -z 
			 || test ! -s conftest.err
configure:2814: $? = 0
configure:2817: test -s conftest.o
configure:2820: $? = 0
configure:2831: result: yes
configure:2848: checking for gcc option to accept ANSI C
configure:2918: gcc  -c -g -O2  conftest.c >&5
configure:2924: $? = 0
configure:2928: test -z 
			 || test ! -s conftest.err
configure:2931: $? = 0
configure:2934: test -s conftest.o
configure:2937: $? = 0
configure:2955: result: none needed
configure:2973: gcc -c -g -O2  conftest.c >&5
conftest.c:2: error: expected '=', ',', ';', 'asm' or '__attribute__' before 'me'
configure:2979: $? = 1
configure: failed program was:
| #ifndef __cplusplus
|   choke me
| #endif
configure:3114: checking dependency style of gcc
configure:3204: result: gcc3
configure:3227: checking how to run the C preprocessor
configure:3262: gcc -E  conftest.c
configure:3268: $? = 0
configure:3300: gcc -E  conftest.c
conftest.c:12:28: error: ac_nonexistent.h: No such file or directory
configure:3306: $? = 1
configure: failed program was:
| /* confdefs.h.  */
| 
| #define PACKAGE_NAME "NuSMV"
| #define PACKAGE_TARNAME "nusmv"
| #define PACKAGE_VERSION "2.4.3"
| #define PACKAGE_STRING "NuSMV 2.4.3"
| #define PACKAGE_BUGREPORT "nusmv@irst.itc.it"
| #define PACKAGE "NuSMV"
| #define VERSION "2.4.3"
| #define PACKAGE_BUILD_DATE "Fri Mar 12 15:34:49 UTC 2010"
| /* end confdefs.h.  */
| #include <ac_nonexistent.h>
configure:3345: result: gcc -E
configure:3369: gcc -E  conftest.c
configure:3375: $? = 0
configure:3407: gcc -E  conftest.c
conftest.c:12:28: error: ac_nonexistent.h: No such file or directory
configure:3413: $? = 1
configure: failed program was:
| /* confdefs.h.  */
| 
| #define PACKAGE_NAME "NuSMV"
| #define PACKAGE_TARNAME "nusmv"
| #define PACKAGE_VERSION "2.4.3"
| #define PACKAGE_STRING "NuSMV 2.4.3"
| #define PACKAGE_BUGREPORT "nusmv@irst.itc.it"
| #define PACKAGE "NuSMV"
| #define VERSION "2.4.3"
| #define PACKAGE_BUILD_DATE "Fri Mar 12 15:34:49 UTC 2010"
| /* end confdefs.h.  */
| #include <ac_nonexistent.h>
configure:3457: checking for egrep
configure:3467: result: grep -E
configure:3472: checking for ANSI C header files
configure:3497: gcc -c -g -O2  conftest.c >&5
configure:3503: $? = 0
configure:3507: test -z 
			 || test ! -s conftest.err
configure:3510: $? = 0
configure:3513: test -s conftest.o
configure:3516: $? = 0
configure:3605: gcc -o conftest -g -O2   conftest.c  >&5
conftest.c: In function 'main':
conftest.c:29: warning: incompatible implicit declaration of built-in function 'exit'
configure:3608: $? = 0
configure:3610: ./conftest
configure:3613: $? = 0
configure:3628: result: yes
configure:3652: checking for sys/types.h
configure:3668: gcc -c -g -O2  conftest.c >&5
configure:3674: $? = 0
configure:3678: test -z 
			 || test ! -s conftest.err
configure:3681: $? = 0
configure:3684: test -s conftest.o
configure:3687: $? = 0
configure:3698: result: yes
configure:3652: checking for sys/stat.h
configure:3668: gcc -c -g -O2  conftest.c >&5
configure:3674: $? = 0
configure:3678: test -z 
			 || test ! -s conftest.err
configure:3681: $? = 0
configure:3684: test -s conftest.o
configure:3687: $? = 0
configure:3698: result: yes
configure:3652: checking for stdlib.h
configure:3668: gcc -c -g -O2  conftest.c >&5
configure:3674: $? = 0
configure:3678: test -z 
			 || test ! -s conftest.err
configure:3681: $? = 0
configure:3684: test -s conftest.o
configure:3687: $? = 0
configure:3698: result: yes
configure:3652: checking for string.h
configure:3668: gcc -c -g -O2  conftest.c >&5
configure:3674: $? = 0
configure:3678: test -z 
			 || test ! -s conftest.err
configure:3681: $? = 0
configure:3684: test -s conftest.o
configure:3687: $? = 0
configure:3698: result: yes
configure:3652: checking for memory.h
configure:3668: gcc -c -g -O2  conftest.c >&5
configure:3674: $? = 0
configure:3678: test -z 
			 || test ! -s conftest.err
configure:3681: $? = 0
configure:3684: test -s conftest.o
configure:3687: $? = 0
configure:3698: result: yes
configure:3652: checking for strings.h
configure:3668: gcc -c -g -O2  conftest.c >&5
configure:3674: $? = 0
configure:3678: test -z 
			 || test ! -s conftest.err
configure:3681: $? = 0
configure:3684: test -s conftest.o
configure:3687: $? = 0
configure:3698: result: yes
configure:3652: checking for inttypes.h
configure:3668: gcc -c -g -O2  conftest.c >&5
configure:3674: $? = 0
configure:3678: test -z 
			 || test ! -s conftest.err
configure:3681: $? = 0
configure:3684: test -s conftest.o
configure:3687: $? = 0
configure:3698: result: yes
configure:3652: checking for stdint.h
configure:3668: gcc -c -g -O2  conftest.c >&5
configure:3674: $? = 0
configure:3678: test -z 
			 || test ! -s conftest.err
configure:3681: $? = 0
configure:3684: test -s conftest.o
configure:3687: $? = 0
configure:3698: result: yes
configure:3652: checking for unistd.h
configure:3668: gcc -c -g -O2  conftest.c >&5
configure:3674: $? = 0
configure:3678: test -z 
			 || test ! -s conftest.err
configure:3681: $? = 0
configure:3684: test -s conftest.o
configure:3687: $? = 0
configure:3698: result: yes
configure:3738: checking expat.h usability
configure:3750: gcc -c -g -O2  conftest.c >&5
configure:3756: $? = 0
configure:3760: test -z 
			 || test ! -s conftest.err
configure:3763: $? = 0
configure:3766: test -s conftest.o
configure:3769: $? = 0
configure:3779: result: yes
configure:3783: checking expat.h presence
configure:3793: gcc -E  conftest.c
configure:3799: $? = 0
configure:3819: result: yes
configure:3854: checking for expat.h
configure:3861: result: yes
configure:4255: checking for gcc
configure:4281: result: gcc
configure:4525: checking for C compiler version
configure:4528: gcc --version </dev/null >&5
gcc (GCC) 4.4.3
Copyright (C) 2010 Free Software Foundation, Inc.
This is free software; see the source for copying conditions.  There is NO
warranty; not even for MERCHANTABILITY or FITNESS FOR A PARTICULAR PURPOSE.

configure:4531: $? = 0
configure:4533: gcc -v </dev/null >&5
Using built-in specs.
Target: i686-pc-linux-gnu
Configured with: ../configure --prefix=/usr --enable-shared --enable-languages=c,c++,fortran,objc,obj-c++,ada --enable-threads=posix --mandir=/usr/share/man --infodir=/usr/share/info --enable-__cxa_atexit --disable-multilib --libdir=/usr/lib --libexecdir=/usr/lib --enable-clocale=gnu --disable-libstdcxx-pch --with-tune=generic
Thread model: posix
gcc version 4.4.3 (GCC) 
configure:4536: $? = 0
configure:4538: gcc -V </dev/null >&5
gcc: '-V' option must have argument
configure:4541: $? = 1
configure:4544: checking whether we are using the GNU C compiler
configure:4600: result: yes
configure:4606: checking whether gcc accepts -g
configure:4657: result: yes
configure:4674: checking for gcc option to accept ANSI C
configure:4781: result: none needed
configure:4799: gcc -c -g -O2  conftest.c >&5
conftest.c:2: error: expected '=', ',', ';', 'asm' or '__attribute__' before 'me'
configure:4805: $? = 1
configure: failed program was:
| #ifndef __cplusplus
|   choke me
| #endif
configure:4940: checking dependency style of gcc
configure:5030: result: gcc3
configure:5048: checking whether gcc and cc understand -c and -o together
configure:5078: gcc -c conftest.c -o conftest.o >&5
configure:5081: $? = 0
configure:5083: gcc -c conftest.c -o conftest.o >&5
configure:5086: $? = 0
configure:5093: cc -c conftest.c >&5
configure:5096: $? = 0
configure:5099: cc -c conftest.c -o conftest.o >&5
configure:5102: $? = 0
configure:5104: cc -c conftest.c -o conftest.o >&5
configure:5107: $? = 0
configure:5125: result: yes
configure:5155: checking how to run the C preprocessor
configure:5273: result: gcc -E
configure:5297: gcc -E  conftest.c
configure:5303: $? = 0
configure:5335: gcc -E  conftest.c
conftest.c:26:28: error: ac_nonexistent.h: No such file or directory
configure:5341: $? = 1
configure: failed program was:
| /* confdefs.h.  */
| 
| #define PACKAGE_NAME "NuSMV"
| #define PACKAGE_TARNAME "nusmv"
| #define PACKAGE_VERSION "2.4.3"
| #define PACKAGE_STRING "NuSMV 2.4.3"
| #define PACKAGE_BUGREPORT "nusmv@irst.itc.it"
| #define PACKAGE "NuSMV"
| #define VERSION "2.4.3"
| #define PACKAGE_BUILD_DATE "Fri Mar 12 15:34:49 UTC 2010"
| #define STDC_HEADERS 1
| #define HAVE_SYS_TYPES_H 1
| #define HAVE_SYS_STAT_H 1
| #define HAVE_STDLIB_H 1
| #define HAVE_STRING_H 1
| #define HAVE_MEMORY_H 1
| #define HAVE_STRINGS_H 1
| #define HAVE_INTTYPES_H 1
| #define HAVE_STDINT_H 1
| #define HAVE_UNISTD_H 1
| #define HAVE_MBP 0
| #define HAVE_SA 0
| #define HAVE_SA_CPP 0
| #define HAVE_MATHSAT 0
| /* end confdefs.h.  */
| #include <ac_nonexistent.h>
configure:5436: checking for g++
configure:5452: found /usr/bin/g++
configure:5462: result: g++
configure:5478: checking for C++ compiler version
configure:5481: g++ --version </dev/null >&5
g++ (GCC) 4.4.3
Copyright (C) 2010 Free Software Foundation, Inc.
This is free software; see the source for copying conditions.  There is NO
warranty; not even for MERCHANTABILITY or FITNESS FOR A PARTICULAR PURPOSE.

configure:5484: $? = 0
configure:5486: g++ -v </dev/null >&5
Using built-in specs.
Target: i686-pc-linux-gnu
Configured with: ../configure --prefix=/usr --enable-shared --enable-languages=c,c++,fortran,objc,obj-c++,ada --enable-threads=posix --mandir=/usr/share/man --infodir=/usr/share/info --enable-__cxa_atexit --disable-multilib --libdir=/usr/lib --libexecdir=/usr/lib --enable-clocale=gnu --disable-libstdcxx-pch --with-tune=generic
Thread model: posix
gcc version 4.4.3 (GCC) 
configure:5489: $? = 0
configure:5491: g++ -V </dev/null >&5
g++: '-V' option must have argument
configure:5494: $? = 1
configure:5497: checking whether we are using the GNU C++ compiler
configure:5521: g++ -c   conftest.cc >&5
configure:5527: $? = 0
configure:5531: test -z 
			 || test ! -s conftest.err
configure:5534: $? = 0
configure:5537: test -s conftest.o
configure:5540: $? = 0
configure:5553: result: yes
configure:5559: checking whether g++ accepts -g
configure:5580: g++ -c -g  conftest.cc >&5
configure:5586: $? = 0
configure:5590: test -z 
			 || test ! -s conftest.err
configure:5593: $? = 0
configure:5596: test -s conftest.o
configure:5599: $? = 0
configure:5610: result: yes
configure:5652: g++ -c -g -O2  conftest.cc >&5
configure:5658: $? = 0
configure:5662: test -z 
			 || test ! -s conftest.err
configure:5665: $? = 0
configure:5668: test -s conftest.o
configure:5671: $? = 0
configure:5697: g++ -c -g -O2  conftest.cc >&5
conftest.cc: In function 'int main()':
conftest.cc:30: error: 'exit' was not declared in this scope
configure:5703: $? = 1
configure: failed program was:
| /* confdefs.h.  */
| 
| #define PACKAGE_NAME "NuSMV"
| #define PACKAGE_TARNAME "nusmv"
| #define PACKAGE_VERSION "2.4.3"
| #define PACKAGE_STRING "NuSMV 2.4.3"
| #define PACKAGE_BUGREPORT "nusmv@irst.itc.it"
| #define PACKAGE "NuSMV"
| #define VERSION "2.4.3"
| #define PACKAGE_BUILD_DATE "Fri Mar 12 15:34:49 UTC 2010"
| #define STDC_HEADERS 1
| #define HAVE_SYS_TYPES_H 1
| #define HAVE_SYS_STAT_H 1
| #define HAVE_STDLIB_H 1
| #define HAVE_STRING_H 1
| #define HAVE_MEMORY_H 1
| #define HAVE_STRINGS_H 1
| #define HAVE_INTTYPES_H 1
| #define HAVE_STDINT_H 1
| #define HAVE_UNISTD_H 1
| #define HAVE_MBP 0
| #define HAVE_SA 0
| #define HAVE_SA_CPP 0
| #define HAVE_MATHSAT 0
| /* end confdefs.h.  */
| 
| int
| main ()
| {
| exit (42);
|   ;
|   return 0;
| }
configure:5652: g++ -c -g -O2  conftest.cc >&5
conftest.cc:26: error: 'void std::exit(int)' should have been declared inside 'std'
configure:5658: $? = 1
configure: failed program was:
| /* confdefs.h.  */
| 
| #define PACKAGE_NAME "NuSMV"
| #define PACKAGE_TARNAME "nusmv"
| #define PACKAGE_VERSION "2.4.3"
| #define PACKAGE_STRING "NuSMV 2.4.3"
| #define PACKAGE_BUGREPORT "nusmv@irst.itc.it"
| #define PACKAGE "NuSMV"
| #define VERSION "2.4.3"
| #define PACKAGE_BUILD_DATE "Fri Mar 12 15:34:49 UTC 2010"
| #define STDC_HEADERS 1
| #define HAVE_SYS_TYPES_H 1
| #define HAVE_SYS_STAT_H 1
| #define HAVE_STDLIB_H 1
| #define HAVE_STRING_H 1
| #define HAVE_MEMORY_H 1
| #define HAVE_STRINGS_H 1
| #define HAVE_INTTYPES_H 1
| #define HAVE_STDINT_H 1
| #define HAVE_UNISTD_H 1
| #define HAVE_MBP 0
| #define HAVE_SA 0
| #define HAVE_SA_CPP 0
| #define HAVE_MATHSAT 0
| /* end confdefs.h.  */
| extern "C" void std::exit (int) throw (); using std::exit;
| #include <stdlib.h>
| int
| main ()
| {
| exit (42);
|   ;
|   return 0;
| }
configure:5652: g++ -c -g -O2  conftest.cc >&5
conftest.cc:26: error: 'void std::exit(int)' should have been declared inside 'std'
In file included from conftest.cc:27:
/usr/include/stdlib.h:543: error: declaration of 'void std::exit(int) throw ()' throws different exceptions
conftest.cc:26: error: from previous declaration 'void std::exit(int)'
configure:5658: $? = 1
configure: failed program was:
| /* confdefs.h.  */
| 
| #define PACKAGE_NAME "NuSMV"
| #define PACKAGE_TARNAME "nusmv"
| #define PACKAGE_VERSION "2.4.3"
| #define PACKAGE_STRING "NuSMV 2.4.3"
| #define PACKAGE_BUGREPORT "nusmv@irst.itc.it"
| #define PACKAGE "NuSMV"
| #define VERSION "2.4.3"
| #define PACKAGE_BUILD_DATE "Fri Mar 12 15:34:49 UTC 2010"
| #define STDC_HEADERS 1
| #define HAVE_SYS_TYPES_H 1
| #define HAVE_SYS_STAT_H 1
| #define HAVE_STDLIB_H 1
| #define HAVE_STRING_H 1
| #define HAVE_MEMORY_H 1
| #define HAVE_STRINGS_H 1
| #define HAVE_INTTYPES_H 1
| #define HAVE_STDINT_H 1
| #define HAVE_UNISTD_H 1
| #define HAVE_MBP 0
| #define HAVE_SA 0
| #define HAVE_SA_CPP 0
| #define HAVE_MATHSAT 0
| /* end confdefs.h.  */
| extern "C" void std::exit (int); using std::exit;
| #include <stdlib.h>
| int
| main ()
| {
| exit (42);
|   ;
|   return 0;
| }
configure:5652: g++ -c -g -O2  conftest.cc >&5
configure:5658: $? = 0
configure:5662: test -z 
			 || test ! -s conftest.err
configure:5665: $? = 0
configure:5668: test -s conftest.o
configure:5671: $? = 0
configure:5697: g++ -c -g -O2  conftest.cc >&5
configure:5703: $? = 0
configure:5707: test -z 
			 || test ! -s conftest.err
configure:5710: $? = 0
configure:5713: test -s conftest.o
configure:5716: $? = 0
configure:5741: checking dependency style of g++
configure:5831: result: gcc3
configure:5853: checking how to run the C++ preprocessor
configure:5884: g++ -E  conftest.cc
configure:5890: $? = 0
configure:5922: g++ -E  conftest.cc
conftest.cc:29:28: error: ac_nonexistent.h: No such file or directory
configure:5928: $? = 1
configure: failed program was:
| /* confdefs.h.  */
| 
| #define PACKAGE_NAME "NuSMV"
| #define PACKAGE_TARNAME "nusmv"
| #define PACKAGE_VERSION "2.4.3"
| #define PACKAGE_STRING "NuSMV 2.4.3"
| #define PACKAGE_BUGREPORT "nusmv@irst.itc.it"
| #define PACKAGE "NuSMV"
| #define VERSION "2.4.3"
| #define PACKAGE_BUILD_DATE "Fri Mar 12 15:34:49 UTC 2010"
| #define STDC_HEADERS 1
| #define HAVE_SYS_TYPES_H 1
| #define HAVE_SYS_STAT_H 1
| #define HAVE_STDLIB_H 1
| #define HAVE_STRING_H 1
| #define HAVE_MEMORY_H 1
| #define HAVE_STRINGS_H 1
| #define HAVE_INTTYPES_H 1
| #define HAVE_STDINT_H 1
| #define HAVE_UNISTD_H 1
| #define HAVE_MBP 0
| #define HAVE_SA 0
| #define HAVE_SA_CPP 0
| #define HAVE_MATHSAT 0
| #ifdef __cplusplus
| extern "C" void exit (int) throw ();
| #endif
| /* end confdefs.h.  */
| #include <ac_nonexistent.h>
configure:5967: result: g++ -E
configure:5991: g++ -E  conftest.cc
configure:5997: $? = 0
configure:6029: g++ -E  conftest.cc
conftest.cc:29:28: error: ac_nonexistent.h: No such file or directory
configure:6035: $? = 1
configure: failed program was:
| /* confdefs.h.  */
| 
| #define PACKAGE_NAME "NuSMV"
| #define PACKAGE_TARNAME "nusmv"
| #define PACKAGE_VERSION "2.4.3"
| #define PACKAGE_STRING "NuSMV 2.4.3"
| #define PACKAGE_BUGREPORT "nusmv@irst.itc.it"
| #define PACKAGE "NuSMV"
| #define VERSION "2.4.3"
| #define PACKAGE_BUILD_DATE "Fri Mar 12 15:34:49 UTC 2010"
| #define STDC_HEADERS 1
| #define HAVE_SYS_TYPES_H 1
| #define HAVE_SYS_STAT_H 1
| #define HAVE_STDLIB_H 1
| #define HAVE_STRING_H 1
| #define HAVE_MEMORY_H 1
| #define HAVE_STRINGS_H 1
| #define HAVE_INTTYPES_H 1
| #define HAVE_STDINT_H 1
| #define HAVE_UNISTD_H 1
| #define HAVE_MBP 0
| #define HAVE_SA 0
| #define HAVE_SA_CPP 0
| #define HAVE_MATHSAT 0
| #ifdef __cplusplus
| extern "C" void exit (int) throw ();
| #endif
| /* end confdefs.h.  */
| #include <ac_nonexistent.h>
configure:6111: checking for a BSD-compatible install
configure:6166: result: /bin/install -c
configure:6177: checking whether ln -s works
configure:6181: result: yes
configure:6188: checking whether make sets $(MAKE)
configure:6208: result: yes
configure:6265: checking for a sed that does not truncate output
configure:6319: result: /bin/sed
configure:6333: checking for ld used by gcc
configure:6400: result: /usr/bin/ld
configure:6409: checking if the linker (/usr/bin/ld) is GNU ld
configure:6424: result: yes
configure:6429: checking for /usr/bin/ld option to reload object files
configure:6436: result: -r
configure:6445: checking for BSD-compatible nm
configure:6487: result: /usr/bin/nm -B
configure:6491: checking how to recognise dependent libraries
configure:6674: result: pass_all
configure:6896: checking dlfcn.h usability
configure:6908: gcc -c -g -O2  conftest.c >&5
configure:6914: $? = 0
configure:6918: test -z 
			 || test ! -s conftest.err
configure:6921: $? = 0
configure:6924: test -s conftest.o
configure:6927: $? = 0
configure:6937: result: yes
configure:6941: checking dlfcn.h presence
configure:6951: gcc -E  conftest.c
configure:6957: $? = 0
configure:6977: result: yes
configure:7012: checking for dlfcn.h
configure:7019: result: yes
configure:7084: checking for g77
configure:7113: result: no
configure:7084: checking for f77
configure:7113: result: no
configure:7084: checking for xlf
configure:7113: result: no
configure:7084: checking for frt
configure:7113: result: no
configure:7084: checking for pgf77
configure:7113: result: no
configure:7084: checking for fort77
configure:7113: result: no
configure:7084: checking for fl32
configure:7113: result: no
configure:7084: checking for af77
configure:7113: result: no
configure:7084: checking for f90
configure:7113: result: no
configure:7084: checking for xlf90
configure:7113: result: no
configure:7084: checking for pgf90
configure:7113: result: no
configure:7084: checking for epcf90
configure:7113: result: no
configure:7084: checking for f95
configure:7113: result: no
configure:7084: checking for fort
configure:7113: result: no
configure:7084: checking for xlf95
configure:7113: result: no
configure:7084: checking for ifc
configure:7113: result: no
configure:7084: checking for efc
configure:7113: result: no
configure:7084: checking for pgf95
configure:7113: result: no
configure:7084: checking for lf95
configure:7113: result: no
configure:7084: checking for gfortran
configure:7113: result: no
configure:7125: checking for Fortran 77 compiler version
configure:7128:  --version </dev/null >&5
./configure: line 7129: --version: command not found
configure:7131: $? = 127
configure:7133:  -v </dev/null >&5
./configure: line 7134: -v: command not found
configure:7136: $? = 127
configure:7138:  -V </dev/null >&5
./configure: line 7139: -V: command not found
configure:7141: $? = 127
configure:7149: checking whether we are using the GNU Fortran 77 compiler
configure:7163:  -c  conftest.F >&5
./configure: line 7164: -c: command not found
configure:7169: $? = 127
configure: failed program was:
|       program main
| #ifndef __GNUC__
|        choke me
| #endif
| 
|       end
configure:7195: result: no
configure:7201: checking whether  accepts -g
configure:7213:  -c -g conftest.f >&5
./configure: line 7214: -c: command not found
configure:7219: $? = 127
configure: failed program was:
|       program main
| 
|       end
configure:7244: result: no
configure:7274: checking the maximum length of command line arguments
configure:7339: result: 32768
configure:7350: checking command to parse /usr/bin/nm -B output from gcc object
configure:7439: gcc -c -g -O2  conftest.c >&5
configure:7442: $? = 0
configure:7446: /usr/bin/nm -B conftest.o \| sed -n -e 's/^.*[ 	]\([ABCDGIRSTW][ABCDGIRSTW]*\)[ 	][ 	]*\(\)\([_A-Za-z][_A-Za-z0-9]*\)$/\1 \2\3 \3/p' \> conftest.nm
configure:7449: $? = 0
configure:7501: gcc -o conftest -g -O2   conftest.c conftstm.o >&5
configure:7504: $? = 0
configure:7542: result: ok
configure:7546: checking for objdir
configure:7561: result: .libs
configure:7651: checking for ar
configure:7667: found /usr/bin/ar
configure:7678: result: ar
configure:7731: checking for ranlib
configure:7747: found /usr/bin/ranlib
configure:7758: result: ranlib
configure:7811: checking for strip
configure:7827: found /usr/bin/strip
configure:7838: result: strip
configure:8100: checking if gcc static flag  works
configure:8123: result: yes
configure:8141: checking if gcc supports -fno-rtti -fno-exceptions
configure:8159: gcc -c -g -O2  -fno-rtti -fno-exceptions conftest.c >&5
cc1: warning: command line option "-fno-rtti" is valid for C++/ObjC++ but not for C
configure:8163: $? = 0
configure:8174: result: no
configure:8189: checking for gcc option to produce PIC
configure:8366: result: -fPIC
configure:8374: checking if gcc PIC flag -fPIC works
configure:8392: gcc -c -g -O2  -fPIC -DPIC conftest.c >&5
configure:8396: $? = 0
configure:8407: result: yes
configure:8431: checking if gcc supports -c -o file.o
configure:8452: gcc -c -g -O2  -o out/conftest2.o conftest.c >&5
configure:8456: $? = 0
configure:8476: result: yes
configure:8502: checking whether the gcc linker (/usr/bin/ld) supports shared libraries
configure:9350: result: yes
configure:9421: checking dynamic linker characteristics
configure:9982: result: GNU/Linux ld.so
configure:9986: checking how to hardcode library paths into programs
configure:10011: result: immediate
configure:10025: checking whether stripping libraries is possible
configure:10030: result: yes
configure:10860: checking if libtool supports shared libraries
configure:10862: result: yes
configure:10865: checking whether to build shared libraries
configure:10923: result: no
configure:10926: checking whether to build static libraries
configure:10930: result: yes
configure:11022: creating libtool
configure:11569: checking for ld used by g++
configure:11636: result: /usr/bin/ld
configure:11645: checking if the linker (/usr/bin/ld) is GNU ld
configure:11660: result: yes
configure:11711: checking whether the g++ linker (/usr/bin/ld) supports shared libraries
configure:12539: result: yes
configure:12557: g++ -c -g -O2  conftest.cc >&5
configure:12560: $? = 0
configure:12656: checking for g++ option to produce PIC
configure:12908: result: -fPIC
configure:12916: checking if g++ PIC flag -fPIC works
configure:12934: g++ -c -g -O2  -fPIC -DPIC conftest.cc >&5
configure:12938: $? = 0
configure:12949: result: yes
configure:12973: checking if g++ supports -c -o file.o
configure:12994: g++ -c -g -O2  -o out/conftest2.o conftest.cc >&5
configure:12998: $? = 0
configure:13018: result: yes
configure:13044: checking whether the g++ linker (/usr/bin/ld) supports shared libraries
configure:13069: result: yes
configure:13140: checking dynamic linker characteristics
configure:13701: result: GNU/Linux ld.so
configure:13705: checking how to hardcode library paths into programs
configure:13730: result: immediate
configure:13744: checking whether stripping libraries is possible
configure:13749: result: yes
configure:21030: checking for bison
configure:21046: found /usr/bin/bison
configure:21056: result: bison -y
configure:21071: checking for flex
configure:21087: found /usr/bin/flex
configure:21097: result: flex
configure:21110: checking for yywrap in -lfl
configure:21140: gcc -o conftest -g -O2   conftest.c -lfl   >&5
configure:21146: $? = 0
configure:21150: test -z 
			 || test ! -s conftest.err
configure:21153: $? = 0
configure:21156: test -s conftest
configure:21159: $? = 0
configure:21172: result: yes
configure:21250: checking lex output file root
configure:21261: flex conftest.l
configure:21264: $? = 0
configure:21276: result: lex.yy
configure:21281: checking whether yytext is a pointer
configure:21297: gcc -o conftest -g -O2   conftest.c  -lfl >&5
configure:21303: $? = 0
configure:21307: test -z 
			 || test ! -s conftest.err
configure:21310: $? = 0
configure:21313: test -s conftest
configure:21316: $? = 0
configure:21330: result: yes
configure:21360: checking for perl
configure:21378: found /usr/bin/perl
configure:21391: result: /usr/bin/perl
configure:21402: checking for lynx
configure:21431: result: no
configure:21402: checking for links
configure:21418: found /usr/bin/links
configure:21428: result: links
configure:21442: checking for latex
configure:21460: found /usr/bin/latex
configure:21472: result: /usr/bin/latex
configure:21491: checking for void *
configure:21515: gcc -c -g -O2  conftest.c >&5
configure:21521: $? = 0
configure:21525: test -z 
			 || test ! -s conftest.err
configure:21528: $? = 0
configure:21531: test -s conftest.o
configure:21534: $? = 0
configure:21545: result: yes
configure:21548: checking size of void *
configure:21867: gcc -o conftest -g -O2   conftest.c  >&5
configure:21870: $? = 0
configure:21872: ./conftest
configure:21875: $? = 0
configure:21898: result: 4
configure:21905: checking for int
configure:21929: gcc -c -g -O2  conftest.c >&5
configure:21935: $? = 0
configure:21939: test -z 
			 || test ! -s conftest.err
configure:21942: $? = 0
configure:21945: test -s conftest.o
configure:21948: $? = 0
configure:21959: result: yes
configure:21962: checking size of int
configure:22281: gcc -o conftest -g -O2   conftest.c  >&5
configure:22284: $? = 0
configure:22286: ./conftest
configure:22289: $? = 0
configure:22312: result: 4
configure:22319: checking for long
configure:22343: gcc -c -g -O2  conftest.c >&5
configure:22349: $? = 0
configure:22353: test -z 
			 || test ! -s conftest.err
configure:22356: $? = 0
configure:22359: test -s conftest.o
configure:22362: $? = 0
configure:22373: result: yes
configure:22376: checking size of long
configure:22695: gcc -o conftest -g -O2   conftest.c  >&5
configure:22698: $? = 0
configure:22700: ./conftest
configure:22703: $? = 0
configure:22726: result: 4
configure:22738: checking for exp in -lm
configure:22768: gcc -o conftest -g -O2   conftest.c -lm   >&5
conftest.c:43: warning: conflicting types for built-in function 'exp'
configure:22774: $? = 0
configure:22778: test -z 
			 || test ! -s conftest.err
configure:22781: $? = 0
configure:22784: test -s conftest
configure:22787: $? = 0
configure:22800: result: yes
configure:22818: checking for main in -lncurses
configure:22842: gcc -o conftest -g -O2   conftest.c -lncurses  -lm  >&5
configure:22848: $? = 0
configure:22852: test -z 
			 || test ! -s conftest.err
configure:22855: $? = 0
configure:22858: test -s conftest
configure:22861: $? = 0
configure:22874: result: yes
configure:23021: checking for readline in -lreadline
configure:23052: gcc -o conftest -g -O2   conftest.c -lreadline    -lncurses -lm  >&5
configure:23058: $? = 0
configure:23062: test -z 
			 || test ! -s conftest.err
configure:23065: $? = 0
configure:23068: test -s conftest
configure:23071: $? = 0
configure:23084: result: yes
configure:23114: checking for XML_ParserCreate in -lexpat
configure:23144: gcc -o conftest -g -O2   conftest.c -lexpat -L/usr/lib -lm  >&5
configure:23150: $? = 0
configure:23154: test -z 
			 || test ! -s conftest.err
configure:23157: $? = 0
configure:23160: test -s conftest
configure:23163: $? = 0
configure:23176: result: yes
configure:23223: checking for util_cpu_time in -lcudd_util
configure:23254: gcc -o conftest -g -O2   conftest.c -lcudd_util    -L../cudd-2.4.1.0/lib -lm  >&5
configure:23260: $? = 0
configure:23264: test -z 
			 || test ! -s conftest.err
configure:23267: $? = 0
configure:23270: test -s conftest
configure:23273: $? = 0
configure:23286: result: yes
configure:23297: checking for Mtr_AllocNode in -lmtr
configure:23328: gcc -o conftest -g -O2   conftest.c -lmtr      -L../cudd-2.4.1.0/lib -lcudd_util -lm  >&5
configure:23334: $? = 0
configure:23338: test -z 
			 || test ! -s conftest.err
configure:23341: $? = 0
configure:23344: test -s conftest
configure:23347: $? = 0
configure:23360: result: yes
configure:23371: checking for st_init_table in -lst
configure:23402: gcc -o conftest -g -O2   conftest.c -lst        -L../cudd-2.4.1.0/lib -lmtr -lcudd_util -lm  >&5
configure:23408: $? = 0
configure:23412: test -z 
			 || test ! -s conftest.err
configure:23415: $? = 0
configure:23418: test -s conftest
configure:23421: $? = 0
configure:23434: result: yes
configure:23445: checking for Cudd_Ref in -lcudd
configure:23476: gcc -o conftest -g -O2   conftest.c -lcudd 	 -L../cudd-2.4.1.0/lib -lst -lmtr -lcudd_util -lm  >&5
configure:23482: $? = 0
configure:23486: test -z 
			 || test ! -s conftest.err
configure:23489: $? = 0
configure:23492: test -s conftest
configure:23495: $? = 0
configure:23508: result: yes
configure:23830: WARNING: Header file "Solver_C.h" has not been found in "../MiniSat_v061208".
See configure option --with-minisat-incdir to specify where the header file is located.
Minisat will not be linked to the system.
configure:24049: checking for dirent.h that defines DIR
configure:24073: gcc -c -g -O2  conftest.c >&5
configure:24079: $? = 0
configure:24083: test -z 
			 || test ! -s conftest.err
configure:24086: $? = 0
configure:24089: test -s conftest.o
configure:24092: $? = 0
configure:24103: result: yes
configure:24116: checking for library containing opendir
configure:24146: gcc -o conftest -g -O2   conftest.c -lm  >&5
configure:24152: $? = 0
configure:24156: test -z 
			 || test ! -s conftest.err
configure:24159: $? = 0
configure:24162: test -s conftest
configure:24165: $? = 0
configure:24235: result: none required
configure:24371: checking for ANSI C header files
configure:24527: result: yes
configure:24562: checking float.h usability
configure:24574: gcc -c -g -O2  conftest.c >&5
configure:24580: $? = 0
configure:24584: test -z 
			 || test ! -s conftest.err
configure:24587: $? = 0
configure:24590: test -s conftest.o
configure:24593: $? = 0
configure:24603: result: yes
configure:24607: checking float.h presence
configure:24617: gcc -E  conftest.c
configure:24623: $? = 0
configure:24643: result: yes
configure:24678: checking for float.h
configure:24685: result: yes
configure:24562: checking limits.h usability
configure:24574: gcc -c -g -O2  conftest.c >&5
configure:24580: $? = 0
configure:24584: test -z 
			 || test ! -s conftest.err
configure:24587: $? = 0
configure:24590: test -s conftest.o
configure:24593: $? = 0
configure:24603: result: yes
configure:24607: checking limits.h presence
configure:24617: gcc -E  conftest.c
configure:24623: $? = 0
configure:24643: result: yes
configure:24678: checking for limits.h
configure:24685: result: yes
configure:24553: checking for memory.h
configure:24558: result: yes
configure:24562: checking stddef.h usability
configure:24574: gcc -c -g -O2  conftest.c >&5
configure:24580: $? = 0
configure:24584: test -z 
			 || test ! -s conftest.err
configure:24587: $? = 0
configure:24590: test -s conftest.o
configure:24593: $? = 0
configure:24603: result: yes
configure:24607: checking stddef.h presence
configure:24617: gcc -E  conftest.c
configure:24623: $? = 0
configure:24643: result: yes
configure:24678: checking for stddef.h
configure:24685: result: yes
configure:24553: checking for stdlib.h
configure:24558: result: yes
configure:24553: checking for string.h
configure:24558: result: yes
configure:24562: checking sys/ioctl.h usability
configure:24574: gcc -c -g -O2  conftest.c >&5
configure:24580: $? = 0
configure:24584: test -z 
			 || test ! -s conftest.err
configure:24587: $? = 0
configure:24590: test -s conftest.o
configure:24593: $? = 0
configure:24603: result: yes
configure:24607: checking sys/ioctl.h presence
configure:24617: gcc -E  conftest.c
configure:24623: $? = 0
configure:24643: result: yes
configure:24678: checking for sys/ioctl.h
configure:24685: result: yes
configure:24562: checking sys/param.h usability
configure:24574: gcc -c -g -O2  conftest.c >&5
configure:24580: $? = 0
configure:24584: test -z 
			 || test ! -s conftest.err
configure:24587: $? = 0
configure:24590: test -s conftest.o
configure:24593: $? = 0
configure:24603: result: yes
configure:24607: checking sys/param.h presence
configure:24617: gcc -E  conftest.c
configure:24623: $? = 0
configure:24643: result: yes
configure:24678: checking for sys/param.h
configure:24685: result: yes
configure:24562: checking sys/time.h usability
configure:24574: gcc -c -g -O2  conftest.c >&5
configure:24580: $? = 0
configure:24584: test -z 
			 || test ! -s conftest.err
configure:24587: $? = 0
configure:24590: test -s conftest.o
configure:24593: $? = 0
configure:24603: result: yes
configure:24607: checking sys/time.h presence
configure:24617: gcc -E  conftest.c
configure:24623: $? = 0
configure:24643: result: yes
configure:24678: checking for sys/time.h
configure:24685: result: yes
configure:24553: checking for unistd.h
configure:24558: result: yes
configure:24562: checking signal.h usability
configure:24574: gcc -c -g -O2  conftest.c >&5
configure:24580: $? = 0
configure:24584: test -z 
			 || test ! -s conftest.err
configure:24587: $? = 0
configure:24590: test -s conftest.o
configure:24593: $? = 0
configure:24603: result: yes
configure:24607: checking signal.h presence
configure:24617: gcc -E  conftest.c
configure:24623: $? = 0
configure:24643: result: yes
configure:24678: checking for signal.h
configure:24685: result: yes
configure:24562: checking sys/signal.h usability
configure:24574: gcc -c -g -O2  conftest.c >&5
configure:24580: $? = 0
configure:24584: test -z 
			 || test ! -s conftest.err
configure:24587: $? = 0
configure:24590: test -s conftest.o
configure:24593: $? = 0
configure:24603: result: yes
configure:24607: checking sys/signal.h presence
configure:24617: gcc -E  conftest.c
configure:24623: $? = 0
configure:24643: result: yes
configure:24678: checking for sys/signal.h
configure:24685: result: yes
configure:24701: checking for sys/types.h
configure:24706: result: yes
configure:24839: checking for malloc.h
configure:24859: gcc -c -g -O2  conftest.c >&5
configure:24865: $? = 0
configure:24869: test -z 
			 || test ! -s conftest.err
configure:24872: $? = 0
configure:24875: test -s conftest.o
configure:24878: $? = 0
configure:24889: result: yes
configure:24966: checking for an ANSI C-conforming const
configure:25033: gcc -c -g -O2  conftest.c >&5
configure:25039: $? = 0
configure:25043: test -z 
			 || test ! -s conftest.err
configure:25046: $? = 0
configure:25049: test -s conftest.o
configure:25052: $? = 0
configure:25063: result: yes
configure:25073: checking for stdbool.h that conforms to C99
configure:25126: gcc -c -g -O2  conftest.c >&5
configure:25132: $? = 0
configure:25136: test -z 
			 || test ! -s conftest.err
configure:25139: $? = 0
configure:25142: test -s conftest.o
configure:25145: $? = 0
configure:25156: result: yes
configure:25158: checking for _Bool
configure:25182: gcc -c -g -O2  conftest.c >&5
configure:25188: $? = 0
configure:25192: test -z 
			 || test ! -s conftest.err
configure:25195: $? = 0
configure:25198: test -s conftest.o
configure:25201: $? = 0
configure:25212: result: yes
configure:25231: checking for inline
configure:25252: gcc -c -g -O2  conftest.c >&5
configure:25258: $? = 0
configure:25262: test -z 
			 || test ! -s conftest.err
configure:25265: $? = 0
configure:25268: test -s conftest.o
configure:25271: $? = 0
configure:25283: result: inline
configure:25302: checking for size_t
configure:25326: gcc -c -g -O2  conftest.c >&5
configure:25332: $? = 0
configure:25336: test -z 
			 || test ! -s conftest.err
configure:25339: $? = 0
configure:25342: test -s conftest.o
configure:25345: $? = 0
configure:25356: result: yes
configure:25370: checking whether closedir returns void
configure:25399: gcc -o conftest -g -O2   conftest.c -lm  >&5
configure:25402: $? = 0
configure:25404: ./conftest
configure:25407: $? = 0
configure:25421: result: no
configure:25432: checking whether gcc needs -traditional
configure:25474: result: no
configure:25486: checking for stdlib.h
configure:25491: result: yes
configure:25631: checking for GNU libc compatible malloc
configure:25660: gcc -o conftest -g -O2   conftest.c -lm  >&5
configure:25663: $? = 0
configure:25665: ./conftest
configure:25668: $? = 0
configure:25682: result: yes
configure:25717: checking for stdlib.h
configure:25722: result: yes
configure:25862: checking for GNU libc compatible realloc
configure:25891: gcc -o conftest -g -O2   conftest.c -lm  >&5
configure:25894: $? = 0
configure:25896: ./conftest
configure:25899: $? = 0
configure:25913: result: yes
configure:25943: checking for function prototypes
configure:25946: result: yes
configure:25963: checking whether setvbuf arguments are reversed
configure:25988: gcc -o conftest -g -O2   conftest.c -lm  >&5
conftest.c:66: error: conflicting types for 'setvbuf'
/usr/include/stdio.h:313: note: previous declaration of 'setvbuf' was here
configure:25994: $? = 1
configure: failed program was:
| /* confdefs.h.  */
| 
| #define PACKAGE_NAME "NuSMV"
| #define PACKAGE_TARNAME "nusmv"
| #define PACKAGE_VERSION "2.4.3"
| #define PACKAGE_STRING "NuSMV 2.4.3"
| #define PACKAGE_BUGREPORT "nusmv@irst.itc.it"
| #define PACKAGE "NuSMV"
| #define VERSION "2.4.3"
| #define PACKAGE_BUILD_DATE "Fri Mar 12 15:34:49 UTC 2010"
| #define STDC_HEADERS 1
| #define HAVE_SYS_TYPES_H 1
| #define HAVE_SYS_STAT_H 1
| #define HAVE_STDLIB_H 1
| #define HAVE_STRING_H 1
| #define HAVE_MEMORY_H 1
| #define HAVE_STRINGS_H 1
| #define HAVE_INTTYPES_H 1
| #define HAVE_STDINT_H 1
| #define HAVE_UNISTD_H 1
| #define HAVE_MBP 0
| #define HAVE_SA 0
| #define HAVE_SA_CPP 0
| #define HAVE_MATHSAT 0
| #ifdef __cplusplus
| extern "C" void exit (int) throw ();
| #endif
| #define HAVE_CPP 1
| #define PROG_CPP gcc -E -x c
| #define HAVE_DLFCN_H 1
| #define YYTEXT_POINTER 1
| #define SIZEOF_VOID_P 4
| #define SIZEOF_INT 4
| #define SIZEOF_LONG 4
| #define HAVE_LIBM 1
| #define HAVE_LIBREADLINE 1
| #define HAVE_LIBEXPAT 1
| #define HAVE_SOLVER_ZCHAFF 0
| #define HAVE_SOLVER_MINISAT 0
| #define HAVE_DIRENT_H 1
| #define STDC_HEADERS 1
| #define HAVE_FLOAT_H 1
| #define HAVE_LIMITS_H 1
| #define HAVE_MEMORY_H 1
| #define HAVE_STDDEF_H 1
| #define HAVE_STDLIB_H 1
| #define HAVE_STRING_H 1
| #define HAVE_SYS_IOCTL_H 1
| #define HAVE_SYS_PARAM_H 1
| #define HAVE_SYS_TIME_H 1
| #define HAVE_UNISTD_H 1
| #define HAVE_SIGNAL_H 1
| #define HAVE_SYS_SIGNAL_H 1
| #define HAVE_MALLOC_H 1
| #define HAVE__BOOL 1
| #define HAVE_STDBOOL_H 1
| #define HAVE_STDLIB_H 1
| #define HAVE_MALLOC 1
| #define HAVE_STDLIB_H 1
| #define HAVE_REALLOC 1
| #define PROTOTYPES 1
| #define __PROTOTYPES 1
| /* end confdefs.h.  */
| #include <stdio.h>
| #	  if PROTOTYPES
| 	   int (setvbuf) (FILE *, int, char *, size_t);
| #	  endif
| int
| main ()
| {
| char buf; return setvbuf (stdout, _IOLBF, &buf, 1);
|   ;
|   return 0;
| }
configure:26115: result: no
configure:26125: checking return type of signal handlers
configure:26156: gcc -c -g -O2  conftest.c >&5
configure:26162: $? = 0
configure:26166: test -z 
			 || test ! -s conftest.err
configure:26169: $? = 0
configure:26172: test -s conftest.o
configure:26175: $? = 0
configure:26186: result: void
configure:26194: checking whether lstat dereferences a symlink specified with a trailing slash
configure:26225: gcc -o conftest -g -O2   conftest.c -lm  >&5
configure:26228: $? = 0
configure:26230: ./conftest
configure:26233: $? = 0
configure:26254: result: yes
configure:26275: checking whether stat accepts an empty string
configure:26300: gcc -o conftest -g -O2   conftest.c -lm  >&5
configure:26303: $? = 0
configure:26305: ./conftest
configure:26308: $? = 1
configure: program exited with status 1
configure: failed program was:
| /* confdefs.h.  */
| 
| #define PACKAGE_NAME "NuSMV"
| #define PACKAGE_TARNAME "nusmv"
| #define PACKAGE_VERSION "2.4.3"
| #define PACKAGE_STRING "NuSMV 2.4.3"
| #define PACKAGE_BUGREPORT "nusmv@irst.itc.it"
| #define PACKAGE "NuSMV"
| #define VERSION "2.4.3"
| #define PACKAGE_BUILD_DATE "Fri Mar 12 15:34:49 UTC 2010"
| #define STDC_HEADERS 1
| #define HAVE_SYS_TYPES_H 1
| #define HAVE_SYS_STAT_H 1
| #define HAVE_STDLIB_H 1
| #define HAVE_STRING_H 1
| #define HAVE_MEMORY_H 1
| #define HAVE_STRINGS_H 1
| #define HAVE_INTTYPES_H 1
| #define HAVE_STDINT_H 1
| #define HAVE_UNISTD_H 1
| #define HAVE_MBP 0
| #define HAVE_SA 0
| #define HAVE_SA_CPP 0
| #define HAVE_MATHSAT 0
| #ifdef __cplusplus
| extern "C" void exit (int) throw ();
| #endif
| #define HAVE_CPP 1
| #define PROG_CPP gcc -E -x c
| #define HAVE_DLFCN_H 1
| #define YYTEXT_POINTER 1
| #define SIZEOF_VOID_P 4
| #define SIZEOF_INT 4
| #define SIZEOF_LONG 4
| #define HAVE_LIBM 1
| #define HAVE_LIBREADLINE 1
| #define HAVE_LIBEXPAT 1
| #define HAVE_SOLVER_ZCHAFF 0
| #define HAVE_SOLVER_MINISAT 0
| #define HAVE_DIRENT_H 1
| #define STDC_HEADERS 1
| #define HAVE_FLOAT_H 1
| #define HAVE_LIMITS_H 1
| #define HAVE_MEMORY_H 1
| #define HAVE_STDDEF_H 1
| #define HAVE_STDLIB_H 1
| #define HAVE_STRING_H 1
| #define HAVE_SYS_IOCTL_H 1
| #define HAVE_SYS_PARAM_H 1
| #define HAVE_SYS_TIME_H 1
| #define HAVE_UNISTD_H 1
| #define HAVE_SIGNAL_H 1
| #define HAVE_SYS_SIGNAL_H 1
| #define HAVE_MALLOC_H 1
| #define HAVE__BOOL 1
| #define HAVE_STDBOOL_H 1
| #define HAVE_STDLIB_H 1
| #define HAVE_MALLOC 1
| #define HAVE_STDLIB_H 1
| #define HAVE_REALLOC 1
| #define PROTOTYPES 1
| #define __PROTOTYPES 1
| #define RETSIGTYPE void
| #define LSTAT_FOLLOWS_SLASHED_SYMLINK 1
| /* end confdefs.h.  */
| #include <stdio.h>
| #if HAVE_SYS_TYPES_H
| # include <sys/types.h>
| #endif
| #if HAVE_SYS_STAT_H
| # include <sys/stat.h>
| #endif
| #if STDC_HEADERS
| # include <stdlib.h>
| # include <stddef.h>
| #else
| # if HAVE_STDLIB_H
| #  include <stdlib.h>
| # endif
| #endif
| #if HAVE_STRING_H
| # if !STDC_HEADERS && HAVE_MEMORY_H
| #  include <memory.h>
| # endif
| # include <string.h>
| #endif
| #if HAVE_STRINGS_H
| # include <strings.h>
| #endif
| #if HAVE_INTTYPES_H
| # include <inttypes.h>
| #else
| # if HAVE_STDINT_H
| #  include <stdint.h>
| # endif
| #endif
| #if HAVE_UNISTD_H
| # include <unistd.h>
| #endif
| int
| main ()
| {
| struct stat sbuf;
|   exit (stat ("", &sbuf) ? 1 : 0);
|   ;
|   return 0;
| }
configure:26322: result: no
configure:26340: checking for working strtod
configure:26383: gcc -o conftest -g -O2   conftest.c -lm  >&5
conftest.c: In function 'main':
conftest.c:78: warning: incompatible implicit declaration of built-in function 'exit'
conftest.c:88: warning: incompatible implicit declaration of built-in function 'exit'
conftest.c:90: warning: incompatible implicit declaration of built-in function 'exit'
configure:26386: $? = 0
configure:26388: ./conftest
configure:26391: $? = 0
configure:26405: result: yes
configure:26587: checking for vprintf
configure:26644: gcc -o conftest -g -O2   conftest.c -lm  >&5
conftest.c:90: warning: conflicting types for built-in function 'vprintf'
configure:26650: $? = 0
configure:26654: test -z 
			 || test ! -s conftest.err
configure:26657: $? = 0
configure:26660: test -s conftest
configure:26663: $? = 0
configure:26675: result: yes
configure:26682: checking for _doprnt
configure:26739: gcc -o conftest -g -O2   conftest.c -lm  >&5
/tmp/ccGvINmd.o: In function `main':
/home/dan/4thYear/NuSMV/NuSMV-2.4.3/nusmv/conftest.c:106: undefined reference to `_doprnt'
/tmp/ccGvINmd.o:(.data+0x0): undefined reference to `_doprnt'
collect2: ld returned 1 exit status
configure:26745: $? = 1
configure: failed program was:
| /* confdefs.h.  */
| 
| #define PACKAGE_NAME "NuSMV"
| #define PACKAGE_TARNAME "nusmv"
| #define PACKAGE_VERSION "2.4.3"
| #define PACKAGE_STRING "NuSMV 2.4.3"
| #define PACKAGE_BUGREPORT "nusmv@irst.itc.it"
| #define PACKAGE "NuSMV"
| #define VERSION "2.4.3"
| #define PACKAGE_BUILD_DATE "Fri Mar 12 15:34:49 UTC 2010"
| #define STDC_HEADERS 1
| #define HAVE_SYS_TYPES_H 1
| #define HAVE_SYS_STAT_H 1
| #define HAVE_STDLIB_H 1
| #define HAVE_STRING_H 1
| #define HAVE_MEMORY_H 1
| #define HAVE_STRINGS_H 1
| #define HAVE_INTTYPES_H 1
| #define HAVE_STDINT_H 1
| #define HAVE_UNISTD_H 1
| #define HAVE_MBP 0
| #define HAVE_SA 0
| #define HAVE_SA_CPP 0
| #define HAVE_MATHSAT 0
| #ifdef __cplusplus
| extern "C" void exit (int) throw ();
| #endif
| #define HAVE_CPP 1
| #define PROG_CPP gcc -E -x c
| #define HAVE_DLFCN_H 1
| #define YYTEXT_POINTER 1
| #define SIZEOF_VOID_P 4
| #define SIZEOF_INT 4
| #define SIZEOF_LONG 4
| #define HAVE_LIBM 1
| #define HAVE_LIBREADLINE 1
| #define HAVE_LIBEXPAT 1
| #define HAVE_SOLVER_ZCHAFF 0
| #define HAVE_SOLVER_MINISAT 0
| #define HAVE_DIRENT_H 1
| #define STDC_HEADERS 1
| #define HAVE_FLOAT_H 1
| #define HAVE_LIMITS_H 1
| #define HAVE_MEMORY_H 1
| #define HAVE_STDDEF_H 1
| #define HAVE_STDLIB_H 1
| #define HAVE_STRING_H 1
| #define HAVE_SYS_IOCTL_H 1
| #define HAVE_SYS_PARAM_H 1
| #define HAVE_SYS_TIME_H 1
| #define HAVE_UNISTD_H 1
| #define HAVE_SIGNAL_H 1
| #define HAVE_SYS_SIGNAL_H 1
| #define HAVE_MALLOC_H 1
| #define HAVE__BOOL 1
| #define HAVE_STDBOOL_H 1
| #define HAVE_STDLIB_H 1
| #define HAVE_MALLOC 1
| #define HAVE_STDLIB_H 1
| #define HAVE_REALLOC 1
| #define PROTOTYPES 1
| #define __PROTOTYPES 1
| #define RETSIGTYPE void
| #define LSTAT_FOLLOWS_SLASHED_SYMLINK 1
| #define HAVE_VPRINTF 1
| /* end confdefs.h.  */
| /* Define _doprnt to an innocuous variant, in case <limits.h> declares _doprnt.
|    For example, HP-UX 11i <limits.h> declares gettimeofday.  */
| #define _doprnt innocuous__doprnt
| 
| /* System header to define __stub macros and hopefully few prototypes,
|     which can conflict with char _doprnt (); below.
|     Prefer <limits.h> to <assert.h> if __STDC__ is defined, since
|     <limits.h> exists even on freestanding compilers.  */
| 
| #ifdef __STDC__
| # include <limits.h>
| #else
| # include <assert.h>
| #endif
| 
| #undef _doprnt
| 
| /* Override any gcc2 internal prototype to avoid an error.  */
| #ifdef __cplusplus
| extern "C"
| {
| #endif
| /* We use char because int might match the return type of a gcc2
|    builtin and then its argument prototype would still apply.  */
| char _doprnt ();
| /* The GNU C library defines this for functions which it implements
|     to always fail with ENOSYS.  Some functions are actually named
|     something starting with __ and the normal name is an alias.  */
| #if defined (__stub__doprnt) || defined (__stub____doprnt)
| choke me
| #else
| char (*f) () = _doprnt;
| #endif
| #ifdef __cplusplus
| }
| #endif
| 
| int
| main ()
| {
| return f != _doprnt;
|   ;
|   return 0;
| }
configure:26770: result: no
configure:26804: checking for floor
configure:26861: gcc -o conftest -g -O2   conftest.c -lm  >&5
conftest.c:91: warning: conflicting types for built-in function 'floor'
configure:26867: $? = 0
configure:26871: test -z 
			 || test ! -s conftest.err
configure:26874: $? = 0
configure:26877: test -s conftest
configure:26880: $? = 0
configure:26892: result: yes
configure:26804: checking for memmove
configure:26861: gcc -o conftest -g -O2   conftest.c -lm  >&5
conftest.c:92: warning: conflicting types for built-in function 'memmove'
configure:26867: $? = 0
configure:26871: test -z 
			 || test ! -s conftest.err
configure:26874: $? = 0
configure:26877: test -s conftest
configure:26880: $? = 0
configure:26892: result: yes
configure:26804: checking for memset
configure:26861: gcc -o conftest -g -O2   conftest.c -lm  >&5
conftest.c:93: warning: conflicting types for built-in function 'memset'
configure:26867: $? = 0
configure:26871: test -z 
			 || test ! -s conftest.err
configure:26874: $? = 0
configure:26877: test -s conftest
configure:26880: $? = 0
configure:26892: result: yes
configure:26804: checking for pow
configure:26861: gcc -o conftest -g -O2   conftest.c -lm  >&5
conftest.c:94: warning: conflicting types for built-in function 'pow'
configure:26867: $? = 0
configure:26871: test -z 
			 || test ! -s conftest.err
configure:26874: $? = 0
configure:26877: test -s conftest
configure:26880: $? = 0
configure:26892: result: yes
configure:26804: checking for strcasecmp
configure:26861: gcc -o conftest -g -O2   conftest.c -lm  >&5
conftest.c:95: warning: conflicting types for built-in function 'strcasecmp'
configure:26867: $? = 0
configure:26871: test -z 
			 || test ! -s conftest.err
configure:26874: $? = 0
configure:26877: test -s conftest
configure:26880: $? = 0
configure:26892: result: yes
configure:26804: checking for strchr
configure:26861: gcc -o conftest -g -O2   conftest.c -lm  >&5
conftest.c:96: warning: conflicting types for built-in function 'strchr'
configure:26867: $? = 0
configure:26871: test -z 
			 || test ! -s conftest.err
configure:26874: $? = 0
configure:26877: test -s conftest
configure:26880: $? = 0
configure:26892: result: yes
configure:26804: checking for strrchr
configure:26861: gcc -o conftest -g -O2   conftest.c -lm  >&5
conftest.c:97: warning: conflicting types for built-in function 'strrchr'
configure:26867: $? = 0
configure:26871: test -z 
			 || test ! -s conftest.err
configure:26874: $? = 0
configure:26877: test -s conftest
configure:26880: $? = 0
configure:26892: result: yes
configure:26804: checking for strstr
configure:26861: gcc -o conftest -g -O2   conftest.c -lm  >&5
conftest.c:98: warning: conflicting types for built-in function 'strstr'
configure:26867: $? = 0
configure:26871: test -z 
			 || test ! -s conftest.err
configure:26874: $? = 0
configure:26877: test -s conftest
configure:26880: $? = 0
configure:26892: result: yes
configure:26804: checking for strtol,
configure:26861: gcc -o conftest -g -O2   conftest.c -lm  >&5
conftest.c:77:15: warning: missing whitespace after the macro name
conftest.c:90:14: warning: extra tokens at end of #undef directive
conftest.c:99: error: expected identifier or '(' before ')' token
conftest.c:103:27: error: missing ')' after "defined"
conftest.c:103:28: error: missing '(' in expression
conftest.c:106: warning: initialization makes pointer from integer without a cast
conftest.c:106: error: initializer element is not constant
conftest.c:106: error: expected identifier or '(' before ';' token
conftest.c: In function 'main':
conftest.c:115: warning: comparison between pointer and integer
conftest.c:115: error: expected expression before ';' token
configure:26867: $? = 1
configure: failed program was:
| /* confdefs.h.  */
| 
| #define PACKAGE_NAME "NuSMV"
| #define PACKAGE_TARNAME "nusmv"
| #define PACKAGE_VERSION "2.4.3"
| #define PACKAGE_STRING "NuSMV 2.4.3"
| #define PACKAGE_BUGREPORT "nusmv@irst.itc.it"
| #define PACKAGE "NuSMV"
| #define VERSION "2.4.3"
| #define PACKAGE_BUILD_DATE "Fri Mar 12 15:34:49 UTC 2010"
| #define STDC_HEADERS 1
| #define HAVE_SYS_TYPES_H 1
| #define HAVE_SYS_STAT_H 1
| #define HAVE_STDLIB_H 1
| #define HAVE_STRING_H 1
| #define HAVE_MEMORY_H 1
| #define HAVE_STRINGS_H 1
| #define HAVE_INTTYPES_H 1
| #define HAVE_STDINT_H 1
| #define HAVE_UNISTD_H 1
| #define HAVE_MBP 0
| #define HAVE_SA 0
| #define HAVE_SA_CPP 0
| #define HAVE_MATHSAT 0
| #ifdef __cplusplus
| extern "C" void exit (int) throw ();
| #endif
| #define HAVE_CPP 1
| #define PROG_CPP gcc -E -x c
| #define HAVE_DLFCN_H 1
| #define YYTEXT_POINTER 1
| #define SIZEOF_VOID_P 4
| #define SIZEOF_INT 4
| #define SIZEOF_LONG 4
| #define HAVE_LIBM 1
| #define HAVE_LIBREADLINE 1
| #define HAVE_LIBEXPAT 1
| #define HAVE_SOLVER_ZCHAFF 0
| #define HAVE_SOLVER_MINISAT 0
| #define HAVE_DIRENT_H 1
| #define STDC_HEADERS 1
| #define HAVE_FLOAT_H 1
| #define HAVE_LIMITS_H 1
| #define HAVE_MEMORY_H 1
| #define HAVE_STDDEF_H 1
| #define HAVE_STDLIB_H 1
| #define HAVE_STRING_H 1
| #define HAVE_SYS_IOCTL_H 1
| #define HAVE_SYS_PARAM_H 1
| #define HAVE_SYS_TIME_H 1
| #define HAVE_UNISTD_H 1
| #define HAVE_SIGNAL_H 1
| #define HAVE_SYS_SIGNAL_H 1
| #define HAVE_MALLOC_H 1
| #define HAVE__BOOL 1
| #define HAVE_STDBOOL_H 1
| #define HAVE_STDLIB_H 1
| #define HAVE_MALLOC 1
| #define HAVE_STDLIB_H 1
| #define HAVE_REALLOC 1
| #define PROTOTYPES 1
| #define __PROTOTYPES 1
| #define RETSIGTYPE void
| #define LSTAT_FOLLOWS_SLASHED_SYMLINK 1
| #define HAVE_VPRINTF 1
| #define HAVE_FLOOR 1
| #define HAVE_MEMMOVE 1
| #define HAVE_MEMSET 1
| #define HAVE_POW 1
| #define HAVE_STRCASECMP 1
| #define HAVE_STRCHR 1
| #define HAVE_STRRCHR 1
| #define HAVE_STRSTR 1
| /* end confdefs.h.  */
| /* Define strtol, to an innocuous variant, in case <limits.h> declares strtol,.
|    For example, HP-UX 11i <limits.h> declares gettimeofday.  */
| #define strtol, innocuous_strtol,
| 
| /* System header to define __stub macros and hopefully few prototypes,
|     which can conflict with char strtol, (); below.
|     Prefer <limits.h> to <assert.h> if __STDC__ is defined, since
|     <limits.h> exists even on freestanding compilers.  */
| 
| #ifdef __STDC__
| # include <limits.h>
| #else
| # include <assert.h>
| #endif
| 
| #undef strtol,
| 
| /* Override any gcc2 internal prototype to avoid an error.  */
| #ifdef __cplusplus
| extern "C"
| {
| #endif
| /* We use char because int might match the return type of a gcc2
|    builtin and then its argument prototype would still apply.  */
| char strtol, ();
| /* The GNU C library defines this for functions which it implements
|     to always fail with ENOSYS.  Some functions are actually named
|     something starting with __ and the normal name is an alias.  */
| #if defined (__stub_strtol,) || defined (__stub___strtol,)
| choke me
| #else
| char (*f) () = strtol,;
| #endif
| #ifdef __cplusplus
| }
| #endif
| 
| int
| main ()
| {
| return f != strtol,;
|   ;
|   return 0;
| }
configure:26892: result: no
configure:26804: checking for random
configure:26861: gcc -o conftest -g -O2   conftest.c -lm  >&5
configure:26867: $? = 0
configure:26871: test -z 
			 || test ! -s conftest.err
configure:26874: $? = 0
configure:26877: test -s conftest
configure:26880: $? = 0
configure:26892: result: yes
configure:26804: checking for srandom
configure:26861: gcc -o conftest -g -O2   conftest.c -lm  >&5
configure:26867: $? = 0
configure:26871: test -z 
			 || test ! -s conftest.err
configure:26874: $? = 0
configure:26877: test -s conftest
configure:26880: $? = 0
configure:26892: result: yes
configure:26804: checking for getpid
configure:26861: gcc -o conftest -g -O2   conftest.c -lm  >&5
configure:26867: $? = 0
configure:26871: test -z 
			 || test ! -s conftest.err
configure:26874: $? = 0
configure:26877: test -s conftest
configure:26880: $? = 0
configure:26892: result: yes
configure:26804: checking for mkstemp
configure:26861: gcc -o conftest -g -O2   conftest.c -lm  >&5
configure:26867: $? = 0
configure:26871: test -z 
			 || test ! -s conftest.err
configure:26874: $? = 0
configure:26877: test -s conftest
configure:26880: $? = 0
configure:26892: result: yes
configure:26804: checking for getenv
configure:26861: gcc -o conftest -g -O2   conftest.c -lm  >&5
configure:26867: $? = 0
configure:26871: test -z 
			 || test ! -s conftest.err
configure:26874: $? = 0
configure:26877: test -s conftest
configure:26880: $? = 0
configure:26892: result: yes
configure:26804: checking for setvbuf
configure:26861: gcc -o conftest -g -O2   conftest.c -lm  >&5
configure:26867: $? = 0
configure:26871: test -z 
			 || test ! -s conftest.err
configure:26874: $? = 0
configure:26877: test -s conftest
configure:26880: $? = 0
configure:26892: result: yes
configure:27110: creating ./config.status

## ---------------------- ##
## Running config.status. ##
## ---------------------- ##

This file was extended by NuSMV config.status 2.4.3, which was
generated by GNU Autoconf 2.59.  Invocation command line was

  CONFIG_FILES    = 
  CONFIG_HEADERS  = 
  CONFIG_LINKS    = 
  CONFIG_COMMANDS = 
  $ ./config.status 

on danthinkpad

config.status:811: creating Makefile
config.status:811: creating src/Makefile
config.status:811: creating src/be/Makefile
config.status:811: creating src/bmc/Makefile
config.status:811: creating src/bmc/sbmc/Makefile
config.status:811: creating src/cmd/Makefile
config.status:811: creating src/compile/Makefile
config.status:811: creating src/compile/type_checking/Makefile
config.status:811: creating src/dag/Makefile
config.status:811: creating src/dd/Makefile
config.status:811: creating src/enc/Makefile
config.status:811: creating src/fsm/Makefile
config.status:811: creating src/ltl/Makefile
config.status:811: creating src/ltl/ltl2smv/Makefile
config.status:811: creating src/mc/Makefile
config.status:811: creating src/node/Makefile
config.status:811: creating src/node/printers/Makefile
config.status:811: creating src/opt/Makefile
config.status:811: creating src/parser/Makefile
config.status:811: creating src/parser/ord/Makefile
config.status:811: creating src/parser/idlist/Makefile
config.status:811: creating src/parser/psl/Makefile
config.status:811: creating src/prop/Makefile
config.status:811: creating src/rbc/Makefile
config.status:811: creating src/sat/Makefile
config.status:811: creating src/sat/solvers/Makefile
config.status:811: creating src/set/Makefile
config.status:811: creating src/sim/Makefile
config.status:811: creating src/simulate/Makefile
config.status:811: creating src/sm/Makefile
config.status:811: creating src/trace/Makefile
config.status:811: creating src/trans/Makefile
config.status:811: creating src/utils/Makefile
config.status:811: creating doc/Makefile
config.status:811: creating doc/user-man/Makefile
config.status:811: creating doc/tutorial/Makefile
config.status:811: creating doc/html/Makefile
config.status:811: creating examples/Makefile
config.status:811: creating share/Makefile
config.status:811: creating contrib/Makefile
config.status:811: creating helpers/extract_doc
config.status:811: creating nusmv-2.4.pc
config.status:915: creating config.h
config.status:1335: executing depfiles commands

## ---------------- ##
## Cache variables. ##
## ---------------- ##

ac_cv_build=i686-pc-linux-gnu
ac_cv_build_alias=i686-pc-linux-gnu
ac_cv_c_compiler_gnu=yes
ac_cv_c_const=yes
ac_cv_c_inline=inline
ac_cv_cxx_compiler_gnu=yes
ac_cv_env_CC_set=
ac_cv_env_CC_value=
ac_cv_env_CFLAGS_set=
ac_cv_env_CFLAGS_value=
ac_cv_env_CPPFLAGS_set=
ac_cv_env_CPPFLAGS_value=
ac_cv_env_CPP_set=
ac_cv_env_CPP_value=
ac_cv_env_CXXCPP_set=
ac_cv_env_CXXCPP_value=
ac_cv_env_CXXFLAGS_set=
ac_cv_env_CXXFLAGS_value=
ac_cv_env_CXX_set=
ac_cv_env_CXX_value=
ac_cv_env_F77_set=
ac_cv_env_F77_value=
ac_cv_env_FFLAGS_set=
ac_cv_env_FFLAGS_value=
ac_cv_env_LDFLAGS_set=
ac_cv_env_LDFLAGS_value=
ac_cv_env_build_alias_set=
ac_cv_env_build_alias_value=
ac_cv_env_host_alias_set=
ac_cv_env_host_alias_value=
ac_cv_env_target_alias_set=
ac_cv_env_target_alias_value=
ac_cv_exeext=
ac_cv_f77_compiler_gnu=no
ac_cv_func__doprnt=no
ac_cv_func_closedir_void=no
ac_cv_func_floor=yes
ac_cv_func_getenv=yes
ac_cv_func_getpid=yes
ac_cv_func_lstat_dereferences_slashed_symlink=yes
ac_cv_func_malloc_0_nonnull=yes
ac_cv_func_memmove=yes
ac_cv_func_memset=yes
ac_cv_func_mkstemp=yes
ac_cv_func_pow=yes
ac_cv_func_random=yes
ac_cv_func_realloc_0_nonnull=yes
ac_cv_func_setvbuf=yes
ac_cv_func_setvbuf_reversed=no
ac_cv_func_srandom=yes
ac_cv_func_stat_empty_string_bug=no
ac_cv_func_strcasecmp=yes
ac_cv_func_strchr=yes
ac_cv_func_strrchr=yes
ac_cv_func_strstr=yes
ac_cv_func_strtod=yes
ac_cv_func_strtol_=no
ac_cv_func_vprintf=yes
ac_cv_header_dirent_dirent_h=yes
ac_cv_header_dlfcn_h=yes
ac_cv_header_expat_h=yes
ac_cv_header_float_h=yes
ac_cv_header_inttypes_h=yes
ac_cv_header_limits_h=yes
ac_cv_header_malloc_h=yes
ac_cv_header_memory_h=yes
ac_cv_header_signal_h=yes
ac_cv_header_stdbool_h=yes
ac_cv_header_stdc=yes
ac_cv_header_stddef_h=yes
ac_cv_header_stdint_h=yes
ac_cv_header_stdlib_h=yes
ac_cv_header_string_h=yes
ac_cv_header_strings_h=yes
ac_cv_header_sys_ioctl_h=yes
ac_cv_header_sys_param_h=yes
ac_cv_header_sys_signal_h=yes
ac_cv_header_sys_stat_h=yes
ac_cv_header_sys_time_h=yes
ac_cv_header_sys_types_h=yes
ac_cv_header_unistd_h=yes
ac_cv_host=i686-pc-linux-gnu
ac_cv_host_alias=i686-pc-linux-gnu
ac_cv_lib_cudd_Cudd_Ref=yes
ac_cv_lib_cudd_util_util_cpu_time=yes
ac_cv_lib_expat_XML_ParserCreate=yes
ac_cv_lib_fl_yywrap=yes
ac_cv_lib_m_exp=yes
ac_cv_lib_mtr_Mtr_AllocNode=yes
ac_cv_lib_ncurses_main=yes
ac_cv_lib_readline_readline=yes
ac_cv_lib_st_st_init_table=yes
ac_cv_objext=o
ac_cv_path_LATEX=/usr/bin/latex
ac_cv_path_PERL=/usr/bin/perl
ac_cv_path_install='/bin/install -c'
ac_cv_prog_AWK=gawk
ac_cv_prog_CPP='gcc -E'
ac_cv_prog_CXXCPP='g++ -E'
ac_cv_prog_HTMLDUMP=links
ac_cv_prog_LEX=flex
ac_cv_prog_YACC='bison -y'
ac_cv_prog_ac_ct_AR=ar
ac_cv_prog_ac_ct_CC=gcc
ac_cv_prog_ac_ct_CXX=g++
ac_cv_prog_ac_ct_RANLIB=ranlib
ac_cv_prog_ac_ct_STRIP=strip
ac_cv_prog_cc_g=yes
ac_cv_prog_cc_gcc_c_o=yes
ac_cv_prog_cc_stdc=
ac_cv_prog_cxx_g=yes
ac_cv_prog_egrep='grep -E'
ac_cv_prog_f77_g=no
ac_cv_prog_gcc_traditional=no
ac_cv_prog_lex_root=lex.yy
ac_cv_prog_lex_yytext_pointer=yes
ac_cv_prog_make_make_set=yes
ac_cv_search_opendir='none required'
ac_cv_sizeof_int=4
ac_cv_sizeof_long=4
ac_cv_sizeof_void_p=4
ac_cv_type__Bool=yes
ac_cv_type_int=yes
ac_cv_type_long=yes
ac_cv_type_signal=void
ac_cv_type_size_t=yes
ac_cv_type_void_p=yes
am_cv_CC_dependencies_compiler_type=gcc3
am_cv_CXX_dependencies_compiler_type=gcc3
lt_cv_deplibs_check_method=pass_all
lt_cv_file_magic_cmd='$MAGIC_CMD'
lt_cv_file_magic_test_file='/lib/libc.so.6 /lib/libc-2.11.1.so'
lt_cv_ld_reload_flag=-r
lt_cv_objdir=.libs
lt_cv_path_LD=/usr/bin/ld
lt_cv_path_LDCXX=/usr/bin/ld
lt_cv_path_NM='/usr/bin/nm -B'
lt_cv_path_SED=/bin/sed
lt_cv_prog_compiler_c_o=yes
lt_cv_prog_compiler_c_o_CXX=yes
lt_cv_prog_compiler_rtti_exceptions=no
lt_cv_prog_gnu_ld=yes
lt_cv_prog_gnu_ldcxx=yes
lt_cv_sys_global_symbol_pipe='sed -n -e '\''s/^.*[ 	]\([ABCDGIRSTW][ABCDGIRSTW]*\)[ 	][ 	]*\(\)\([_A-Za-z][_A-Za-z0-9]*\)$/\1 \2\3 \3/p'\'''
lt_cv_sys_global_symbol_to_c_name_address='sed -n -e '\''s/^: \([^ ]*\) $/  {\"\1\", (lt_ptr) 0},/p'\'' -e '\''s/^[BCDEGRST] \([^ ]*\) \([^ ]*\)$/  {"\2", (lt_ptr) \&\2},/p'\'''
lt_cv_sys_global_symbol_to_cdecl='sed -n -e '\''s/^. .* \(.*\)$/extern int \1;/p'\'''
lt_cv_sys_max_cmd_len=32768
lt_lt_cv_prog_compiler_c_o='"yes"'
lt_lt_cv_prog_compiler_c_o_CXX='"yes"'
lt_lt_cv_sys_global_symbol_pipe='"sed -n -e '\''s/^.*[ 	]\\([ABCDGIRSTW][ABCDGIRSTW]*\\)[ 	][ 	]*\\(\\)\\([_A-Za-z][_A-Za-z0-9]*\\)\$/\\1 \\2\\3 \\3/p'\''"'
lt_lt_cv_sys_global_symbol_to_c_name_address='"sed -n -e '\''s/^: \\([^ ]*\\) \$/  {\\\"\\1\\\", (lt_ptr) 0},/p'\'' -e '\''s/^[BCDEGRST] \\([^ ]*\\) \\([^ ]*\\)\$/  {\"\\2\", (lt_ptr) \\&\\2},/p'\''"'
lt_lt_cv_sys_global_symbol_to_cdecl='"sed -n -e '\''s/^. .* \\(.*\\)\$/extern int \\1;/p'\''"'

## ----------------- ##
## Output variables. ##
## ----------------- ##

ACLOCAL='${SHELL} /home/dan/4thYear/NuSMV/NuSMV-2.4.3/nusmv/helpers/missing --run aclocal-1.9'
AMDEPBACKSLASH='\'
AMDEP_FALSE='#'
AMDEP_TRUE=''
AMTAR='${SHELL} /home/dan/4thYear/NuSMV/NuSMV-2.4.3/nusmv/helpers/missing --run tar'
AR='ar'
AUTOCONF='${SHELL} /home/dan/4thYear/NuSMV/NuSMV-2.4.3/nusmv/helpers/missing --run autoconf'
AUTOHEADER='${SHELL} /home/dan/4thYear/NuSMV/NuSMV-2.4.3/nusmv/helpers/missing --run autoheader'
AUTOMAKE='${SHELL} /home/dan/4thYear/NuSMV/NuSMV-2.4.3/nusmv/helpers/missing --run automake-1.9'
AWK='gawk'
CC='gcc'
CCDEPMODE='depmode=gcc3'
CFLAGS='-g -O2'
CPP='gcc -E'
CPPFLAGS=''
CXX='g++'
CXXCPP='g++ -E'
CXXDEPMODE='depmode=gcc3'
CXXFLAGS='-g -O2'
CYGPATH_W='echo'
DEFS='-DHAVE_CONFIG_H'
DEPDIR='.deps'
ECHO='echo'
ECHO_C=''
ECHO_N='-n'
ECHO_T=''
EGREP='grep -E'
EXEEXT=''
EXTRA_PKGS=''
F77=''
FFLAGS=''
HAVE_LATEX_FALSE='#'
HAVE_LATEX_TRUE=''
HAVE_LIBEXPAT=''
HAVE_LIBEXPAT_FALSE='#'
HAVE_LIBEXPAT_TRUE=''
HAVE_MATHSAT=''
HAVE_MATHSAT_FALSE=''
HAVE_MATHSAT_TRUE='#'
HAVE_MBP=''
HAVE_MBP_FALSE=''
HAVE_MBP_TRUE='#'
HAVE_MINISAT=''
HAVE_MINISAT_FALSE=''
HAVE_MINISAT_TRUE='#'
HAVE_NOT_CUDD_FALSE=''
HAVE_NOT_CUDD_TRUE='#'
HAVE_PSL_PARSER_FALSE=''
HAVE_PSL_PARSER_TRUE='#'
HAVE_SA=''
HAVE_SA_CPP=''
HAVE_SA_CPP_FALSE=''
HAVE_SA_CPP_TRUE='#'
HAVE_SA_FALSE=''
HAVE_SA_TRUE='#'
HAVE_ZCHAFF=''
HAVE_ZCHAFF_FALSE=''
HAVE_ZCHAFF_TRUE='#'
HTMLDUMP='links'
INSTALL_DATA='${INSTALL} -m 644'
INSTALL_PROGRAM='${INSTALL}'
INSTALL_SCRIPT='${INSTALL}'
INSTALL_STRIP_PROGRAM='${SHELL} $(install_sh) -c -s'
LATEX='/usr/bin/latex'
LDFLAGS=''
LEX='flex'
LEXLIB='-lfl'
LEX_OUTPUT_ROOT='lex.yy'
LIBOBJS=''
LIBS='-lm '
LIBTOOL='$(SHELL) $(top_builddir)/libtool'
LN_S='ln -s'
LTLIBOBJS=''
MAKEINFO='${SHELL} /home/dan/4thYear/NuSMV/NuSMV-2.4.3/nusmv/helpers/missing --run makeinfo'
OBJEXT='o'
PACKAGE='NuSMV'
PACKAGE_BUGREPORT='nusmv@irst.itc.it'
PACKAGE_NAME='NuSMV'
PACKAGE_STRING='NuSMV 2.4.3'
PACKAGE_TARNAME='nusmv'
PACKAGE_VERSION='2.4.3'
PATH_SEPARATOR=':'
PERL='/usr/bin/perl'
POW_LIB=''
RANLIB='ranlib'
SET_MAKE=''
SHELL='/bin/sh'
STRIP='strip'
VERSION='2.4.3'
YACC='bison -y'
ac_ct_AR='ar'
ac_ct_CC='gcc'
ac_ct_CXX='g++'
ac_ct_F77=''
ac_ct_RANLIB='ranlib'
ac_ct_STRIP='strip'
am__fastdepCC_FALSE='#'
am__fastdepCC_TRUE=''
am__fastdepCXX_FALSE='#'
am__fastdepCXX_TRUE=''
am__include='include'
am__leading_dot='.'
am__quote=''
am__tar='${AMTAR} chof - "$$tardir"'
am__untar='${AMTAR} xf -'
bindir='${exec_prefix}/bin'
build='i686-pc-linux-gnu'
build_alias=''
build_cpu='i686'
build_os='linux-gnu'
build_vendor='pc'
cuddname='cudd-2.4.1.0'
datadir='${prefix}/share'
exec_prefix='${prefix}'
expat_libs='-L/usr/lib -lexpat'
expatuserinc=''
host='i686-pc-linux-gnu'
host_alias=''
host_cpu='i686'
host_os='linux-gnu'
host_vendor='pc'
includedir='${prefix}/include'
infodir='${prefix}/info'
install_sh='/home/dan/4thYear/NuSMV/NuSMV-2.4.3/nusmv/helpers/install-sh'
libdir='${exec_prefix}/lib'
libexecdir='${exec_prefix}/libexec'
localstatedir='${prefix}/var'
mandir='${prefix}/man'
minisat_ifcname='Solver_C.h'
minisat_libname='MiniSat'
minisat_libs=''
minisat_nusmv='../MiniSat'
minisat_patch='MiniSat_v061208_nusmv.patch'
minisat_ver='061208'
minisatincdir='../MiniSat_v061208'
minisatlibdir='../MiniSat_v061208'
mkdir_p='mkdir -p --'
oldincludedir='/usr/include'
prefix='/usr/local'
program_transform_name='s,x,x,'
readline_libs='-lreadline -lncurses'
sbindir='${exec_prefix}/sbin'
sharedstatedir='${prefix}/com'
sysconfdir='${prefix}/etc'
target_alias=''
zchaff_ifcname='SAT_C.h'
zchaff_libname='sat'
zchaff_libs=''
zchaff_nusmv='../zchaff'
zchaff_patch='zchaff.64bit.2007.3.12_nusmv.patch'
zchaff_ver='2007.3.12'
zchaffincdir='../zchaff_v2007.3.12'
zchafflibdir='../zchaff_v2007.3.12'

## ----------- ##
## confdefs.h. ##
## ----------- ##

#define EXEEXT ""
#define HAVE_CPP 1
#define HAVE_DIRENT_H 1
#define HAVE_DLFCN_H 1
#define HAVE_FLOAT_H 1
#define HAVE_FLOOR 1
#define HAVE_GETENV 1
#define HAVE_GETPID 1
#define HAVE_INTTYPES_H 1
#define HAVE_LIBEXPAT 1
#define HAVE_LIBM 1
#define HAVE_LIBREADLINE 1
#define HAVE_LIMITS_H 1
#define HAVE_MALLOC 1
#define HAVE_MALLOC_H 1
#define HAVE_MATHSAT 0
#define HAVE_MBP 0
#define HAVE_MEMMOVE 1
#define HAVE_MEMORY_H 1
#define HAVE_MEMORY_H 1
#define HAVE_MEMSET 1
#define HAVE_MKSTEMP 1
#define HAVE_POW 1
#define HAVE_RANDOM 1
#define HAVE_REALLOC 1
#define HAVE_SA 0
#define HAVE_SA_CPP 0
#define HAVE_SETVBUF 1
#define HAVE_SIGNAL_H 1
#define HAVE_SOLVER_MINISAT 0
#define HAVE_SOLVER_ZCHAFF 0
#define HAVE_SRANDOM 1
#define HAVE_STDBOOL_H 1
#define HAVE_STDDEF_H 1
#define HAVE_STDINT_H 1
#define HAVE_STDLIB_H 1
#define HAVE_STDLIB_H 1
#define HAVE_STDLIB_H 1
#define HAVE_STDLIB_H 1
#define HAVE_STRCASECMP 1
#define HAVE_STRCHR 1
#define HAVE_STRINGS_H 1
#define HAVE_STRING_H 1
#define HAVE_STRING_H 1
#define HAVE_STRRCHR 1
#define HAVE_STRSTR 1
#define HAVE_SYS_IOCTL_H 1
#define HAVE_SYS_PARAM_H 1
#define HAVE_SYS_SIGNAL_H 1
#define HAVE_SYS_STAT_H 1
#define HAVE_SYS_TIME_H 1
#define HAVE_SYS_TYPES_H 1
#define HAVE_UNISTD_H 1
#define HAVE_UNISTD_H 1
#define HAVE_VPRINTF 1
#define HAVE__BOOL 1
#define LSTAT_FOLLOWS_SLASHED_SYMLINK 1
#define PACKAGE "NuSMV"
#define PACKAGE_BUGREPORT "nusmv@irst.itc.it"
#define PACKAGE_BUILD_DATE "Fri Mar 12 15:34:49 UTC 2010"
#define PACKAGE_NAME "NuSMV"
#define PACKAGE_STRING "NuSMV 2.4.3"
#define PACKAGE_TARNAME "nusmv"
#define PACKAGE_VERSION "2.4.3"
#define PROG_CPP gcc -E -x c
#define PROTOTYPES 1
#define RETSIGTYPE void
#define SIZEOF_INT 4
#define SIZEOF_LONG 4
#define SIZEOF_VOID_P 4
#define STDC_HEADERS 1
#define STDC_HEADERS 1
#define VERSION "2.4.3"
#define YYTEXT_POINTER 1
#define __PROTOTYPES 1
#endif
#ifdef __cplusplus
extern "C" void exit (int) throw ();

configure: exit 0
